#
# There is insufficient memory for the Java Runtime Environment to continue.
# Native memory allocation (malloc) failed to allocate 32744 bytes for ChunkPool::allocate
# Possible reasons:
#   The system is out of physical RAM or swap space
#   In 32 bit mode, the process size limit was hit
# Possible solutions:
#   Reduce memory load on the system
#   Increase physical memory or swap space
#   Check if swap backing store is full
#   Use 64 bit Java on a 64 bit OS
#   Decrease Java heap size (-Xmx/-Xms)
#   Decrease number of Java threads
#   Decrease Java thread stack sizes (-Xss)
#   Set larger code cache with -XX:ReservedCodeCacheSize=
# This output file may be truncated or incomplete.
#
#  Out of Memory Error (allocation.cpp:273), pid=5332, tid=0x00000000000015d8
#
# JRE version: Java(TM) SE Runtime Environment (8.0_101-b13) (build 1.8.0_101-b13)
# Java VM: Java HotSpot(TM) 64-Bit Server VM (25.101-b13 mixed mode windows-amd64 compressed oops)
# Failed to write core dump. Minidumps are not enabled by default on client versions of Windows
#

---------------  T H R E A D  ---------------

Current thread (0x00000000149c0000):  JavaThread "C2 CompilerThread0" daemon [_thread_in_native, id=5592, stack(0x00000000160a0000,0x00000000161a0000)]

Stack: [0x00000000160a0000,0x00000000161a0000]
[error occurred during error reporting (printing stack bounds), id 0xc0000005]

Native frames: (J=compiled Java code, j=interpreted, Vv=VM code, C=native code)


Current CompileTask:
C2:  22293 1746   !   4       com.android.dx.cf.code.BytecodeArray::parseInstruction (2764 bytes)


---------------  P R O C E S S  ---------------

Java Threads: ( => current thread )
  0x000000001641a000 JavaThread "pool-2-thread-4" [_thread_blocked, id=10160, stack(0x0000000016da0000,0x0000000016ea0000)]
  0x00000000163b6800 JavaThread "pool-2-thread-3" [_thread_blocked, id=7272, stack(0x0000000016ca0000,0x0000000016da0000)]
  0x00000000163b5800 JavaThread "pool-2-thread-2" [_thread_blocked, id=3892, stack(0x0000000016ba0000,0x0000000016ca0000)]
  0x00000000163b0000 JavaThread "pool-3-thread-1" [_thread_blocked, id=8132, stack(0x0000000016aa0000,0x0000000016ba0000)]
  0x00000000162c9000 JavaThread "pool-2-thread-1" [_thread_in_Java, id=6840, stack(0x00000000169a0000,0x0000000016aa0000)]
  0x00000000162ae000 JavaThread "Service Thread" daemon [_thread_blocked, id=7236, stack(0x00000000167a0000,0x00000000168a0000)]
  0x00000000162a0800 JavaThread "C1 CompilerThread2" daemon [_thread_in_native, id=9420, stack(0x00000000166a0000,0x00000000167a0000)]
  0x00000000149e7000 JavaThread "C2 CompilerThread1" daemon [_thread_in_native, id=308, stack(0x00000000161a0000,0x00000000162a0000)]
=>0x00000000149c0000 JavaThread "C2 CompilerThread0" daemon [_thread_in_native, id=5592, stack(0x00000000160a0000,0x00000000161a0000)]
  0x00000000149bc000 JavaThread "Attach Listener" daemon [_thread_blocked, id=6220, stack(0x0000000015fa0000,0x00000000160a0000)]
  0x00000000149bb000 JavaThread "Signal Dispatcher" daemon [_thread_blocked, id=6260, stack(0x0000000015ea0000,0x0000000015fa0000)]
  0x00000000149aa800 JavaThread "Finalizer" daemon [_thread_blocked, id=6240, stack(0x0000000015c30000,0x0000000015d30000)]
  0x0000000014988800 JavaThread "Reference Handler" daemon [_thread_blocked, id=9904, stack(0x0000000015b30000,0x0000000015c30000)]
  0x00000000021f0800 JavaThread "main" [_thread_blocked, id=2464, stack(0x0000000002090000,0x0000000002190000)]

Other Threads:
  0x0000000014987000 VMThread [stack: 0x0000000015a30000,0x0000000015b30000] [id=4588]
  0x00000000162b8800 WatcherThread [stack: 0x00000000168a0000,0x00000000169a0000] [id=2144]

VM state:not at safepoint (normal execution)

VM Mutex/Monitor currently owned by a thread:  ([mutex/lock_event])
[0x00000000021cc7d0] Heap_lock - owner thread: 0x00000000021f0800

Heap:
 PSYoungGen      total 57344K, used 10424K [0x00000000eab00000, 0x00000000ef000000, 0x0000000100000000)
  eden space 47104K, 0% used [0x00000000eab00000,0x00000000eab34fc8,0x00000000ed900000)
  from space 10240K, 99% used [0x00000000ee400000,0x00000000eedf9410,0x00000000eee00000)
  to   space 11264K, 0% used [0x00000000ed900000,0x00000000ed900000,0x00000000ee400000)
 ParOldGen       total 44032K, used 34270K [0x00000000c0000000, 0x00000000c2b00000, 0x00000000eab00000)
  object space 44032K, 77% used [0x00000000c0000000,0x00000000c2177b18,0x00000000c2b00000)
 Metaspace       used 6360K, capacity 7154K, committed 7296K, reserved 1056768K
  class space    used 604K, capacity 618K, committed 640K, reserved 1048576K

Card table byte_map: [0x00000000116b0000,0x00000000118c0000] byte_map_base: 0x00000000110b0000

Marking Bits: (ParMarkBitMap*) 0x000000006675a6d0
 Begin Bits: [0x0000000011e20000, 0x0000000012e20000)
 End Bits:   [0x0000000012e20000, 0x0000000013e20000)

Polling page: 0x0000000000910000

CodeCache: size=245760Kb used=7056Kb max_used=7056Kb free=238703Kb
 bounds [0x00000000022f0000, 0x00000000029e0000, 0x00000000112f0000]
 total_blobs=2121 nmethods=1851 adapters=182
 compilation: enabled

Compilation events (10 events):
Event: 21.925 Thread 0x00000000162a0800 nmethod 1889 0x00000000029d8450 code [0x00000000029d85a0, 0x00000000029d86f0]
Event: 21.925 Thread 0x00000000162a0800 1890       2       java.util.ArrayDeque::pollFirst (42 bytes)
Event: 21.925 Thread 0x00000000162a0800 nmethod 1890 0x00000000029d8790 code [0x00000000029d8900, 0x00000000029d8ad0]
Event: 21.925 Thread 0x00000000162a0800 1891       2       java.util.ArrayDeque::addLast (53 bytes)
Event: 21.926 Thread 0x00000000162a0800 nmethod 1891 0x00000000029d8bd0 code [0x00000000029d8d60, 0x00000000029d9018]
Event: 21.928 Thread 0x00000000162a0800 1892       1       com.android.dx.ssa.PhiInsn::canThrow (2 bytes)
Event: 21.928 Thread 0x00000000162a0800 nmethod 1892 0x00000000029a01d0 code [0x00000000029a0320, 0x00000000029a0430]
Event: 21.931 Thread 0x00000000162a0800 1893   !   2       com.android.dx.rop.cst.CstType::intern (48 bytes)
Event: 21.932 Thread 0x00000000162a0800 nmethod 1893 0x00000000029d91d0 code [0x00000000029d9380, 0x00000000029d9888]
Event: 21.932 Thread 0x00000000162a0800 1894       2       com.android.dx.cf.direct.StdAttributeFactory::innerClasses (383 bytes)

GC Heap History (10 events):
Event: 20.400 GC heap before
{Heap before GC invocations=5 (full 0):
 PSYoungGen      total 35328K, used 35326K [0x00000000eab00000, 0x00000000ed000000, 0x0000000100000000)
  eden space 32768K, 100% used [0x00000000eab00000,0x00000000ecb00000,0x00000000ecb00000)
  from space 2560K, 99% used [0x00000000ecd80000,0x00000000ecfff970,0x00000000ed000000)
  to   space 2560K, 0% used [0x00000000ecb00000,0x00000000ecb00000,0x00000000ecd80000)
 ParOldGen       total 44032K, used 7788K [0x00000000c0000000, 0x00000000c2b00000, 0x00000000eab00000)
  object space 44032K, 17% used [0x00000000c0000000,0x00000000c079b120,0x00000000c2b00000)
 Metaspace       used 6230K, capacity 7090K, committed 7296K, reserved 1056768K
  class space    used 604K, capacity 618K, committed 640K, reserved 1048576K
Event: 20.432 GC heap after
Heap after GC invocations=5 (full 0):
 PSYoungGen      total 35328K, used 2543K [0x00000000eab00000, 0x00000000ed000000, 0x0000000100000000)
  eden space 32768K, 0% used [0x00000000eab00000,0x00000000eab00000,0x00000000ecb00000)
  from space 2560K, 99% used [0x00000000ecb00000,0x00000000ecd7bf30,0x00000000ecd80000)
  to   space 2560K, 0% used [0x00000000ecd80000,0x00000000ecd80000,0x00000000ed000000)
 ParOldGen       total 44032K, used 13935K [0x00000000c0000000, 0x00000000c2b00000, 0x00000000eab00000)
  object space 44032K, 31% used [0x00000000c0000000,0x00000000c0d9be18,0x00000000c2b00000)
 Metaspace       used 6230K, capacity 7090K, committed 7296K, reserved 1056768K
  class space    used 604K, capacity 618K, committed 640K, reserved 1048576K
}
Event: 20.984 GC heap before
{Heap before GC invocations=6 (full 0):
 PSYoungGen      total 35328K, used 35311K [0x00000000eab00000, 0x00000000ed000000, 0x0000000100000000)
  eden space 32768K, 100% used [0x00000000eab00000,0x00000000ecb00000,0x00000000ecb00000)
  from space 2560K, 99% used [0x00000000ecb00000,0x00000000ecd7bf30,0x00000000ecd80000)
  to   space 2560K, 0% used [0x00000000ecd80000,0x00000000ecd80000,0x00000000ed000000)
 ParOldGen       total 44032K, used 13935K [0x00000000c0000000, 0x00000000c2b00000, 0x00000000eab00000)
  object space 44032K, 31% used [0x00000000c0000000,0x00000000c0d9be18,0x00000000c2b00000)
 Metaspace       used 6288K, capacity 7154K, committed 7296K, reserved 1056768K
  class space    used 604K, capacity 618K, committed 640K, reserved 1048576K
Event: 21.057 GC heap after
Heap after GC invocations=6 (full 0):
 PSYoungGen      total 26624K, used 2529K [0x00000000eab00000, 0x00000000f0100000, 0x0000000100000000)
  eden space 24064K, 0% used [0x00000000eab00000,0x00000000eab00000,0x00000000ec280000)
  from space 2560K, 98% used [0x00000000ecd80000,0x00000000ecff86e0,0x00000000ed000000)
  to   space 11264K, 0% used [0x00000000ec280000,0x00000000ec280000,0x00000000ecd80000)
 ParOldGen       total 44032K, used 19792K [0x00000000c0000000, 0x00000000c2b00000, 0x00000000eab00000)
  object space 44032K, 44% used [0x00000000c0000000,0x00000000c13543b8,0x00000000c2b00000)
 Metaspace       used 6288K, capacity 7154K, committed 7296K, reserved 1056768K
  class space    used 604K, capacity 618K, committed 640K, reserved 1048576K
}
Event: 21.193 GC heap before
{Heap before GC invocations=7 (full 0):
 PSYoungGen      total 26624K, used 26593K [0x00000000eab00000, 0x00000000f0100000, 0x0000000100000000)
  eden space 24064K, 100% used [0x00000000eab00000,0x00000000ec280000,0x00000000ec280000)
  from space 2560K, 98% used [0x00000000ecd80000,0x00000000ecff86e0,0x00000000ed000000)
  to   space 11264K, 0% used [0x00000000ec280000,0x00000000ec280000,0x00000000ecd80000)
 ParOldGen       total 44032K, used 19792K [0x00000000c0000000, 0x00000000c2b00000, 0x00000000eab00000)
  object space 44032K, 44% used [0x00000000c0000000,0x00000000c13543b8,0x00000000c2b00000)
 Metaspace       used 6294K, capacity 7154K, committed 7296K, reserved 1056768K
  class space    used 604K, capacity 618K, committed 640K, reserved 1048576K
Event: 21.227 GC heap after
Heap after GC invocations=7 (full 0):
 PSYoungGen      total 35328K, used 5633K [0x00000000eab00000, 0x00000000eee00000, 0x0000000100000000)
  eden space 24064K, 0% used [0x00000000eab00000,0x00000000eab00000,0x00000000ec280000)
  from space 11264K, 50% used [0x00000000ec280000,0x00000000ec800530,0x00000000ecd80000)
  to   space 10240K, 0% used [0x00000000ee400000,0x00000000ee400000,0x00000000eee00000)
 ParOldGen       total 44032K, used 20566K [0x00000000c0000000, 0x00000000c2b00000, 0x00000000eab00000)
  object space 44032K, 46% used [0x00000000c0000000,0x00000000c1415ae8,0x00000000c2b00000)
 Metaspace       used 6294K, capacity 7154K, committed 7296K, reserved 1056768K
  class space    used 604K, capacity 618K, committed 640K, reserved 1048576K
}
Event: 21.388 GC heap before
{Heap before GC invocations=8 (full 0):
 PSYoungGen      total 35328K, used 29697K [0x00000000eab00000, 0x00000000eee00000, 0x0000000100000000)
  eden space 24064K, 100% used [0x00000000eab00000,0x00000000ec280000,0x00000000ec280000)
  from space 11264K, 50% used [0x00000000ec280000,0x00000000ec800530,0x00000000ecd80000)
  to   space 10240K, 0% used [0x00000000ee400000,0x00000000ee400000,0x00000000eee00000)
 ParOldGen       total 44032K, used 20566K [0x00000000c0000000, 0x00000000c2b00000, 0x00000000eab00000)
  object space 44032K, 46% used [0x00000000c0000000,0x00000000c1415ae8,0x00000000c2b00000)
 Metaspace       used 6319K, capacity 7154K, committed 7296K, reserved 1056768K
  class space    used 604K, capacity 618K, committed 640K, reserved 1048576K
Event: 21.420 GC heap after
Heap after GC invocations=8 (full 0):
 PSYoungGen      total 57344K, used 8704K [0x00000000eab00000, 0x00000000ef000000, 0x0000000100000000)
  eden space 47104K, 0% used [0x00000000eab00000,0x00000000eab00000,0x00000000ed900000)
  from space 10240K, 85% used [0x00000000ee400000,0x00000000eec80010,0x00000000eee00000)
  to   space 11264K, 0% used [0x00000000ed900000,0x00000000ed900000,0x00000000ee400000)
 ParOldGen       total 44032K, used 21069K [0x00000000c0000000, 0x00000000c2b00000, 0x00000000eab00000)
  object space 44032K, 47% used [0x00000000c0000000,0x00000000c1493638,0x00000000c2b00000)
 Metaspace       used 6319K, capacity 7154K, committed 7296K, reserved 1056768K
  class space    used 604K, capacity 618K, committed 640K, reserved 1048576K
}
Event: 22.044 GC heap before
{Heap before GC invocations=9 (full 0):
 PSYoungGen      total 57344K, used 55808K [0x00000000eab00000, 0x00000000ef000000, 0x0000000100000000)
  eden space 47104K, 100% used [0x00000000eab00000,0x00000000ed900000,0x00000000ed900000)
  from space 10240K, 85% used [0x00000000ee400000,0x00000000eec80010,0x00000000eee00000)
  to   space 11264K, 0% used [0x00000000ed900000,0x00000000ed900000,0x00000000ee400000)
 ParOldGen       total 44032K, used 21069K [0x00000000c0000000, 0x00000000c2b00000, 0x00000000eab00000)
  object space 44032K, 47% used [0x00000000c0000000,0x00000000c1493638,0x00000000c2b00000)
 Metaspace       used 6360K, capacity 7154K, committed 7296K, reserved 1056768K
  class space    used 604K, capacity 618K, committed 640K, reserved 1048576K
Event: 22.080 GC heap after
Heap after GC invocations=9 (full 0):
 PSYoungGen      total 58368K, used 11248K [0x00000000eab00000, 0x00000000ef000000, 0x0000000100000000)
  eden space 47104K, 0% used [0x00000000eab00000,0x00000000eab00000,0x00000000ed900000)
  from space 11264K, 99% used [0x00000000ed900000,0x00000000ee3fc030,0x00000000ee400000)
  to   space 10240K, 0% used [0x00000000ee400000,0x00000000ee400000,0x00000000eee00000)
 ParOldGen       total 44032K, used 26253K [0x00000000c0000000, 0x00000000c2b00000, 0x00000000eab00000)
  object space 44032K, 59% used [0x00000000c0000000,0x00000000c19a34b0,0x00000000c2b00000)
 Metaspace       used 6360K, capacity 7154K, committed 7296K, reserved 1056768K
  class space    used 604K, capacity 618K, committed 640K, reserved 1048576K
}

Deoptimization events (10 events):
Event: 20.275 Thread 0x00000000163b5800 Uncommon trap: reason=bimorphic action=maybe_recompile pc=0x0000000002796614 method=java.util.HashMap.getNode(ILjava/lang/Object;)Ljava/util/HashMap$Node; @ 126
Event: 20.275 Thread 0x00000000163b5800 Uncommon trap: reason=class_check action=maybe_recompile pc=0x0000000002748344 method=java.util.HashMap.putVal(ILjava/lang/Object;Ljava/lang/Object;ZZ)Ljava/lang/Object; @ 203
Event: 20.275 Thread 0x00000000163b5800 Uncommon trap: reason=bimorphic action=maybe_recompile pc=0x0000000002796614 method=java.util.HashMap.getNode(ILjava/lang/Object;)Ljava/util/HashMap$Node; @ 126
Event: 20.275 Thread 0x00000000163b5800 Uncommon trap: reason=bimorphic action=maybe_recompile pc=0x0000000002796614 method=java.util.HashMap.getNode(ILjava/lang/Object;)Ljava/util/HashMap$Node; @ 126
Event: 20.275 Thread 0x00000000163b5800 Uncommon trap: reason=class_check action=maybe_recompile pc=0x0000000002748344 method=java.util.HashMap.putVal(ILjava/lang/Object;Ljava/lang/Object;ZZ)Ljava/lang/Object; @ 203
Event: 21.132 Thread 0x00000000163b6800 Uncommon trap: reason=bimorphic action=maybe_recompile pc=0x00000000029155d4 method=com.android.dx.cf.code.BytecodeArray.parseInstruction(ILcom/android/dx/cf/code/BytecodeArray$Visitor;)I @ 1130
Event: 21.132 Thread 0x00000000163b6800 Uncommon trap: reason=bimorphic action=maybe_recompile pc=0x00000000029155d4 method=com.android.dx.cf.code.BytecodeArray.parseInstruction(ILcom/android/dx/cf/code/BytecodeArray$Visitor;)I @ 1130
Event: 21.345 Thread 0x00000000021f0800 Uncommon trap: reason=unstable_if action=reinterpret pc=0x00000000028927cc method=com.android.dx.ssa.SCCP.simulateStmt(Lcom/android/dx/ssa/SsaInsn;)V @ 53
Event: 21.350 Thread 0x00000000021f0800 Uncommon trap: reason=unstable_if action=reinterpret pc=0x0000000002904380 method=com.android.dx.ssa.SCCP.simulateBranch(Lcom/android/dx/ssa/SsaInsn;)V @ 64
Event: 21.354 Thread 0x00000000021f0800 Uncommon trap: reason=class_check action=maybe_recompile pc=0x0000000002748344 method=java.util.HashMap.putVal(ILjava/lang/Object;Ljava/lang/Object;ZZ)Ljava/lang/Object; @ 203

Internal exceptions (3 events):
Event: 0.630 Thread 0x00000000021f0800 Exception <a 'java/lang/NoSuchMethodError': Method sun.misc.Unsafe.defineClass(Ljava/lang/String;[BII)Ljava/lang/Class; name or signature does not match> (0x00000000eab07cc0) thrown at [C:\re\workspace\8-2-build-windows-amd64-cygwin\jdk8u101\7261\hotspot\sŠ
Event: 0.630 Thread 0x00000000021f0800 Exception <a 'java/lang/NoSuchMethodError': Method sun.misc.Unsafe.prefetchRead(Ljava/lang/Object;J)V name or signature does not match> (0x00000000eab07fa8) thrown at [C:\re\workspace\8-2-build-windows-amd64-cygwin\jdk8u101\7261\hotspot\src\share\vm\prims\³ˆØ·=3@
Event: 19.241 Thread 0x00000000162c9000 Implicit null exception at 0x0000000002637ca2 to 0x0000000002637da9

Events (10 events):
Event: 21.376 Executing VM operation: ParallelGCFailedAllocation
Event: 21.420 Executing VM operation: ParallelGCFailedAllocation done
Event: 21.913 Thread 0x00000000021f0800 DEOPT PACKING pc=0x000000000293c668 sp=0x000000000218ec70
Event: 21.913 Thread 0x00000000021f0800 DEOPT UNPACKING pc=0x000000000233787f sp=0x000000000218e970 mode 0
Event: 22.001 Thread 0x00000000021f0800 DEOPT PACKING pc=0x0000000002932e92 sp=0x000000000218e890
Event: 22.001 Thread 0x00000000021f0800 DEOPT UNPACKING pc=0x000000000233787f sp=0x000000000218e6a8 mode 0
Event: 22.002 Thread 0x00000000021f0800 DEOPT PACKING pc=0x0000000002930a21 sp=0x000000000218e790
Event: 22.002 Thread 0x00000000021f0800 DEOPT UNPACKING pc=0x000000000233787f sp=0x000000000218e550 mode 0
Event: 22.044 Executing VM operation: ParallelGCFailedAllocation
Event: 22.080 Executing VM operation: ParallelGCFailedAllocation done


Dynamic libraries:
0x00007ff682420000 - 0x00007ff682457000 	C:\Program Files\Java\jdk1.8.0_101\bin\java.exe
0x00007ffc94d60000 - 0x00007ffc94f0a000 	C:\Windows\SYSTEM32\ntdll.dll
0x00007ffc94c20000 - 0x00007ffc94d5a000 	C:\Windows\system32\KERNEL32.DLL
0x00007ffc921a0000 - 0x00007ffc922af000 	C:\Windows\system32\KERNELBASE.dll
0x00007ffc90ce0000 - 0x00007ffc90d68000 	C:\Windows\system32\apphelp.dll
0x00007ffc81ef0000 - 0x00007ffc81f3f000 	C:\Windows\AppPatch\AppPatch64\AcGenral.DLL
0x00007ffc92930000 - 0x00007ffc929d7000 	C:\Windows\system32\msvcrt.dll
0x00007ffc91f00000 - 0x00007ffc91f2b000 	C:\Windows\SYSTEM32\SspiCli.dll
0x00007ffc94690000 - 0x00007ffc946e1000 	C:\Windows\system32\SHLWAPI.dll
0x00007ffc94330000 - 0x00007ffc944a1000 	C:\Windows\system32\USER32.dll
0x00007ffc94830000 - 0x00007ffc949a8000 	C:\Windows\system32\ole32.dll
0x00007ffc92bb0000 - 0x00007ffc93fd0000 	C:\Windows\system32\SHELL32.dll
0x00007ffc916e0000 - 0x00007ffc916fe000 	C:\Windows\SYSTEM32\USERENV.dll
0x00007ffc94280000 - 0x00007ffc94325000 	C:\Windows\system32\ADVAPI32.dll
0x00007ffc89d90000 - 0x00007ffc89dab000 	C:\Windows\SYSTEM32\MPR.dll
0x00007ffc946f0000 - 0x00007ffc94826000 	C:\Windows\system32\RPCRT4.dll
0x00007ffc928d0000 - 0x00007ffc92927000 	C:\Windows\SYSTEM32\sechost.dll
0x00007ffc93fd0000 - 0x00007ffc941a6000 	C:\Windows\SYSTEM32\combase.dll
0x00007ffc925e0000 - 0x00007ffc92724000 	C:\Windows\system32\GDI32.dll
0x00007ffc920d0000 - 0x00007ffc920e4000 	C:\Windows\SYSTEM32\profapi.dll
0x00007ffc90c40000 - 0x00007ffc90cdf000 	C:\Windows\SYSTEM32\SHCORE.dll
0x00007ffc94210000 - 0x00007ffc94244000 	C:\Windows\system32\IMM32.DLL
0x00007ffc92790000 - 0x00007ffc928c9000 	C:\Windows\system32\MSCTF.dll
0x00007ffc8feb0000 - 0x00007ffc9010a000 	C:\Windows\WinSxS\amd64_microsoft.windows.common-controls_6595b64144ccf1df_6.0.9600.17031_none_6242a4b3ecbb55a1\COMCTL32.dll
0x0000000067c00000 - 0x0000000067cd2000 	C:\Program Files\Java\jdk1.8.0_101\jre\bin\msvcr100.dll
0x0000000065f40000 - 0x00000000667da000 	C:\Program Files\Java\jdk1.8.0_101\jre\bin\server\jvm.dll
0x00007ffc86530000 - 0x00007ffc86539000 	C:\Windows\SYSTEM32\WSOCK32.dll
0x00007ffc90110000 - 0x00007ffc9012f000 	C:\Windows\SYSTEM32\WINMM.dll
0x00007ffc90130000 - 0x00007ffc9013a000 	C:\Windows\SYSTEM32\VERSION.dll
0x00007ffc92b80000 - 0x00007ffc92b87000 	C:\Windows\system32\PSAPI.DLL
0x00007ffc94a70000 - 0x00007ffc94ac8000 	C:\Windows\system32\WS2_32.dll
0x00007ffc8fc50000 - 0x00007ffc8fc7a000 	C:\Windows\SYSTEM32\WINMMBASE.dll
0x00007ffc94270000 - 0x00007ffc94279000 	C:\Windows\system32\NSI.dll
0x00007ffc92540000 - 0x00007ffc9258a000 	C:\Windows\SYSTEM32\cfgmgr32.dll
0x00007ffc90f80000 - 0x00007ffc90fa6000 	C:\Windows\SYSTEM32\DEVOBJ.dll
0x0000000067bf0000 - 0x0000000067bff000 	C:\Program Files\Java\jdk1.8.0_101\jre\bin\verify.dll
0x0000000065f10000 - 0x0000000065f39000 	C:\Program Files\Java\jdk1.8.0_101\jre\bin\java.dll
0x0000000065ef0000 - 0x0000000065f06000 	C:\Program Files\Java\jdk1.8.0_101\jre\bin\zip.dll

VM Arguments:
jvm_args: -Djava.awt.headless=true -Xmx1024M -Dfile.encoding=windows-1252 -Duser.country=US -Duser.language=en -Duser.variant 
java_command: com.android.dx.command.Main --dex --force-jumbo --num-threads=4 --multi-dex --output C:\Users\ika\AndroidStudioProjects\Tugas\app\build\intermediates\transforms\dex\debug\folders\1000\10\com.android.support-support-v4-23.3.0_2a406fcebe845585d0fe9fa9f5066ce29502d7aa C:\Users\ika\AndroidStudioProjects\Tugas\app\build\intermediates\exploded-aar\com.android.support\support-v4\23.3.0\jars\classes.jar
java_class_path (initial): C:\Users\ika\AppData\Local\Android\sdk\build-tools\23.0.3\lib\dx.jar
Launcher Type: SUN_STANDARD

Environment Variables:
PATH=C:\Program Files\Java\jdk1.8.0_101\bin;C:\Program Files\Intel\WiFi\bin\;C:\Program Files\Common Files\Intel\WirelessCommon\
USERNAME=ika
OS=Windows_NT
PROCESSOR_IDENTIFIER=Intel64 Family 6 Model 69 Stepping 1, GenuineIntel



---------------  S Y S T E M  ---------------

OS: Windows 8.1 , 64 bit Build 9600 (6.3.9600.17056)

CPU:total 4 (2 cores per cpu, 2 threads per core) family 6 model 69 stepping 1, cmov, cx8, fxsr, mmx, sse, sse2, sse3, ssse3, sse4.1, sse4.2, popcnt, avx, avx2, aes, clmul, erms, lzcnt, ht, tsc, tscinvbit, bmi1, bmi2

Memory: 4k page, physical 4074560k(44672k free), swap 7220288k(1712k free)

vm_info: Java HotSpot(TM) 64-Bit Server VM (25.101-b13) for windows-amd64 JRE (1.8.0_101-b13), built on Jun 22 2016 01:21:29 by "java_re" with MS VC++ 10.0 (VS2010)

time: Sat Sep 10 08:54:17 2016
elapsed time: 23 seconds (0d 0h 0m 23s)

