#
# There is insufficient memory for the Java Runtime Environment to continue.
# Native memory allocation (malloc) failed to allocate 564816 bytes for Chunk::new
# Possible reasons:
#   The system is out of physical RAM or swap space
#   In 32 bit mode, the process size limit was hit
# Possible solutions:
#   Reduce memory load on the system
#   Increase physical memory or swap space
#   Check if swap backing store is full
#   Use 64 bit Java on a 64 bit OS
#   Decrease Java heap size (-Xmx/-Xms)
#   Decrease number of Java threads
#   Decrease Java thread stack sizes (-Xss)
#   Set larger code cache with -XX:ReservedCodeCacheSize=
# This output file may be truncated or incomplete.
#
#  Out of Memory Error (allocation.cpp:390), pid=8644, tid=0x0000000000001aec
#
# JRE version: Java(TM) SE Runtime Environment (8.0_101-b13) (build 1.8.0_101-b13)
# Java VM: Java HotSpot(TM) 64-Bit Server VM (25.101-b13 mixed mode windows-amd64 compressed oops)
# Failed to write core dump. Minidumps are not enabled by default on client versions of Windows
#

---------------  T H R E A D  ---------------

Current thread (0x0000000014739000):  JavaThread "C2 CompilerThread1" daemon [_thread_in_native, id=6892, stack(0x0000000015eb0000,0x0000000015fb0000)]

Stack: [0x0000000015eb0000,0x0000000015fb0000]
[error occurred during error reporting (printing stack bounds), id 0xc0000005]

Native frames: (J=compiled Java code, j=interpreted, Vv=VM code, C=native code)


Current CompileTask:
C2:  22496 1370       4       com.android.dx.dex.code.OutputFinisher::addConstants (93 bytes)


---------------  P R O C E S S  ---------------

Java Threads: ( => current thread )
  0x0000000016363800 JavaThread "pool-1-thread-1" [_thread_in_vm, id=6596, stack(0x00000000166b0000,0x00000000167b0000)]
  0x00000000160c9800 JavaThread "Service Thread" daemon [_thread_blocked, id=8568, stack(0x00000000164b0000,0x00000000165b0000)]
  0x000000001473c000 JavaThread "C1 CompilerThread2" daemon [_thread_blocked, id=5172, stack(0x0000000015fb0000,0x00000000160b0000)]
=>0x0000000014739000 JavaThread "C2 CompilerThread1" daemon [_thread_in_native, id=6892, stack(0x0000000015eb0000,0x0000000015fb0000)]
  0x00000000146e0000 JavaThread "C2 CompilerThread0" daemon [_thread_blocked, id=9068, stack(0x0000000015db0000,0x0000000015eb0000)]
  0x00000000146dc800 JavaThread "Attach Listener" daemon [_thread_blocked, id=2360, stack(0x0000000015cb0000,0x0000000015db0000)]
  0x00000000146db800 JavaThread "Signal Dispatcher" daemon [_thread_blocked, id=5652, stack(0x0000000015bb0000,0x0000000015cb0000)]
  0x00000000146ca800 JavaThread "Finalizer" daemon [_thread_blocked, id=2252, stack(0x0000000015940000,0x0000000015a40000)]
  0x00000000146a8800 JavaThread "Reference Handler" daemon [_thread_blocked, id=4016, stack(0x0000000015840000,0x0000000015940000)]
  0x0000000001f10800 JavaThread "main" [_thread_blocked, id=8940, stack(0x0000000001d30000,0x0000000001e30000)]

Other Threads:
  0x00000000146a8000 VMThread [stack: 0x0000000015740000,0x0000000015840000] [id=7892]
  0x00000000160cc800 WatcherThread [stack: 0x00000000165b0000,0x00000000166b0000] [id=6884]

VM state:not at safepoint (normal execution)

VM Mutex/Monitor currently owned by a thread: None

Heap:
 PSYoungGen      total 18944K, used 8038K [0x00000000eab00000, 0x00000000ec000000, 0x0000000100000000)
  eden space 16384K, 33% used [0x00000000eab00000,0x00000000eb060230,0x00000000ebb00000)
  from space 2560K, 98% used [0x00000000ebd80000,0x00000000ebff9850,0x00000000ec000000)
  to   space 2560K, 0% used [0x00000000ebb00000,0x00000000ebb00000,0x00000000ebd80000)
 ParOldGen       total 44032K, used 4017K [0x00000000c0000000, 0x00000000c2b00000, 0x00000000eab00000)
  object space 44032K, 9% used [0x00000000c0000000,0x00000000c03ec448,0x00000000c2b00000)
 Metaspace       used 6206K, capacity 7128K, committed 7424K, reserved 1056768K
  class space    used 622K, capacity 656K, committed 768K, reserved 1048576K

Card table byte_map: [0x00000000113d0000,0x00000000115e0000] byte_map_base: 0x0000000010dd0000

Marking Bits: (ParMarkBitMap*) 0x000000006675a6d0
 Begin Bits: [0x0000000011b40000, 0x0000000012b40000)
 End Bits:   [0x0000000012b40000, 0x0000000013b40000)

Polling page: 0x00000000004b0000

CodeCache: size=245760Kb used=6350Kb max_used=6350Kb free=239409Kb
 bounds [0x0000000002010000, 0x0000000002650000, 0x0000000011010000]
 total_blobs=1926 nmethods=1656 adapters=183
 compilation: enabled

Compilation events (10 events):
Event: 21.907 Thread 0x000000001473c000 1411   !   3       java.util.zip.ZipFile$ZipFileInputStream::read (131 bytes)
Event: 21.908 Thread 0x000000001473c000 nmethod 1411 0x00000000025857d0 code [0x00000000025859a0, 0x0000000002586228]
Event: 21.910 Thread 0x000000001473c000 1413   !   3       java.util.zip.Inflater::setInput (74 bytes)
Event: 21.911 Thread 0x000000001473c000 nmethod 1413 0x000000000258ac10 code [0x000000000258ada0, 0x000000000258b318]
Event: 21.912 Thread 0x000000001473c000 1414       1       com.android.dx.dex.file.DexFile::getStringData (5 bytes)
Event: 21.912 Thread 0x000000001473c000 nmethod 1414 0x000000000258a950 code [0x000000000258aaa0, 0x000000000258abb0]
Event: 21.912 Thread 0x000000001473c000 1415       3       com.android.dx.dex.file.StringIdItem::addContents (36 bytes)
Event: 21.913 Thread 0x000000001473c000 nmethod 1415 0x000000000258b550 code [0x000000000258b720, 0x000000000258c058]
Event: 22.060 Thread 0x000000001473c000 1416       3       com.android.dx.dex.file.StringDataItem::addContents (1 bytes)
Event: 22.060 Thread 0x000000001473c000 nmethod 1416 0x000000000258a610 code [0x000000000258a760, 0x000000000258a8b0]

GC Heap History (4 events):
Event: 17.580 GC heap before
{Heap before GC invocations=1 (full 0):
 PSYoungGen      total 18944K, used 16384K [0x00000000eab00000, 0x00000000ec000000, 0x0000000100000000)
  eden space 16384K, 100% used [0x00000000eab00000,0x00000000ebb00000,0x00000000ebb00000)
  from space 2560K, 0% used [0x00000000ebd80000,0x00000000ebd80000,0x00000000ec000000)
  to   space 2560K, 0% used [0x00000000ebb00000,0x00000000ebb00000,0x00000000ebd80000)
 ParOldGen       total 44032K, used 0K [0x00000000c0000000, 0x00000000c2b00000, 0x00000000eab00000)
  object space 44032K, 0% used [0x00000000c0000000,0x00000000c0000000,0x00000000c2b00000)
 Metaspace       used 5796K, capacity 6768K, committed 7040K, reserved 1056768K
  class space    used 599K, capacity 616K, committed 640K, reserved 1048576K
Event: 17.593 GC heap after
Heap after GC invocations=1 (full 0):
 PSYoungGen      total 18944K, used 2534K [0x00000000eab00000, 0x00000000ec000000, 0x0000000100000000)
  eden space 16384K, 0% used [0x00000000eab00000,0x00000000eab00000,0x00000000ebb00000)
  from space 2560K, 98% used [0x00000000ebb00000,0x00000000ebd79850,0x00000000ebd80000)
  to   space 2560K, 0% used [0x00000000ebd80000,0x00000000ebd80000,0x00000000ec000000)
 ParOldGen       total 44032K, used 2095K [0x00000000c0000000, 0x00000000c2b00000, 0x00000000eab00000)
  object space 44032K, 4% used [0x00000000c0000000,0x00000000c020bdb8,0x00000000c2b00000)
 Metaspace       used 5796K, capacity 6768K, committed 7040K, reserved 1056768K
  class space    used 599K, capacity 616K, committed 640K, reserved 1048576K
}
Event: 19.473 GC heap before
{Heap before GC invocations=2 (full 0):
 PSYoungGen      total 18944K, used 18918K [0x00000000eab00000, 0x00000000ec000000, 0x0000000100000000)
  eden space 16384K, 100% used [0x00000000eab00000,0x00000000ebb00000,0x00000000ebb00000)
  from space 2560K, 98% used [0x00000000ebb00000,0x00000000ebd79850,0x00000000ebd80000)
  to   space 2560K, 0% used [0x00000000ebd80000,0x00000000ebd80000,0x00000000ec000000)
 ParOldGen       total 44032K, used 2095K [0x00000000c0000000, 0x00000000c2b00000, 0x00000000eab00000)
  object space 44032K, 4% used [0x00000000c0000000,0x00000000c020bdb8,0x00000000c2b00000)
 Metaspace       used 6016K, capacity 6964K, committed 7040K, reserved 1056768K
  class space    used 605K, capacity 620K, committed 640K, reserved 1048576K
Event: 19.497 GC heap after
Heap after GC invocations=2 (full 0):
 PSYoungGen      total 18944K, used 2534K [0x00000000eab00000, 0x00000000ec000000, 0x0000000100000000)
  eden space 16384K, 0% used [0x00000000eab00000,0x00000000eab00000,0x00000000ebb00000)
  from space 2560K, 98% used [0x00000000ebd80000,0x00000000ebff9850,0x00000000ec000000)
  to   space 2560K, 0% used [0x00000000ebb00000,0x00000000ebb00000,0x00000000ebd80000)
 ParOldGen       total 44032K, used 4017K [0x00000000c0000000, 0x00000000c2b00000, 0x00000000eab00000)
  object space 44032K, 9% used [0x00000000c0000000,0x00000000c03ec448,0x00000000c2b00000)
 Metaspace       used 6016K, capacity 6964K, committed 7040K, reserved 1056768K
  class space    used 605K, capacity 620K, committed 640K, reserved 1048576K
}

Deoptimization events (10 events):
Event: 21.695 Thread 0x0000000016363800 Uncommon trap: reason=class_check action=maybe_recompile pc=0x00000000024fd648 method=java.util.Arrays.hashCode([Ljava/lang/Object;)I @ 43
Event: 21.695 Thread 0x0000000016363800 Uncommon trap: reason=class_check action=maybe_recompile pc=0x00000000024fd648 method=java.util.Arrays.hashCode([Ljava/lang/Object;)I @ 43
Event: 21.695 Thread 0x0000000016363800 Uncommon trap: reason=class_check action=maybe_recompile pc=0x00000000024fd648 method=java.util.Arrays.hashCode([Ljava/lang/Object;)I @ 43
Event: 21.695 Thread 0x0000000016363800 Uncommon trap: reason=class_check action=maybe_recompile pc=0x00000000025058e8 method=java.util.Arrays.hashCode([Ljava/lang/Object;)I @ 43
Event: 21.707 Thread 0x0000000016363800 Uncommon trap: reason=bimorphic action=maybe_recompile pc=0x000000000234d028 method=java.util.HashMap.getNode(ILjava/lang/Object;)Ljava/util/HashMap$Node; @ 126
Event: 21.707 Thread 0x0000000016363800 Uncommon trap: reason=class_check action=maybe_recompile pc=0x000000000237dcb8 method=java.util.HashMap.putVal(ILjava/lang/Object;Ljava/lang/Object;ZZ)Ljava/lang/Object; @ 203
Event: 21.716 Thread 0x0000000016363800 Uncommon trap: reason=class_check action=maybe_recompile pc=0x000000000237dcb8 method=java.util.HashMap.putVal(ILjava/lang/Object;Ljava/lang/Object;ZZ)Ljava/lang/Object; @ 203
Event: 21.718 Thread 0x0000000016363800 Uncommon trap: reason=unstable_if action=reinterpret pc=0x000000000237d5f0 method=java.util.HashMap.putVal(ILjava/lang/Object;Ljava/lang/Object;ZZ)Ljava/lang/Object; @ 94
Event: 21.733 Thread 0x0000000016363800 Uncommon trap: reason=unstable_if action=reinterpret pc=0x000000000256f284 method=com.android.dx.dex.code.OutputFinisher.addConstants(Ljava/util/HashSet;Lcom/android/dx/rop/code/RegisterSpec;)V @ 57
Event: 21.887 Thread 0x0000000016363800 Uncommon trap: reason=bimorphic action=maybe_recompile pc=0x000000000234d028 method=java.util.HashMap.getNode(ILjava/lang/Object;)Ljava/util/HashMap$Node; @ 126

Internal exceptions (2 events):
Event: 0.830 Thread 0x0000000001f10800 Exception <a 'java/lang/NoSuchMethodError': Method sun.misc.Unsafe.defineClass(Ljava/lang/String;[BII)Ljava/lang/Class; name or signature does not match> (0x00000000eab07cc0) thrown at [C:\re\workspace\8-2-build-windows-amd64-cygwin\jdk8u101\7261\hotspot\sOò"óùåÍ?
Event: 0.830 Thread 0x0000000001f10800 Exception <a 'java/lang/NoSuchMethodError': Method sun.misc.Unsafe.prefetchRead(Ljava/lang/Object;J)V name or signature does not match> (0x00000000eab07fa8) thrown at [C:\re\workspace\8-2-build-windows-amd64-cygwin\jdk8u101\7261\hotspot\src\share\vm\prims\

Events (10 events):
Event: 21.733 Thread 0x0000000016363800 DEOPT PACKING pc=0x000000000256f284 sp=0x00000000167ae6e0
Event: 21.733 Thread 0x0000000016363800 DEOPT UNPACKING pc=0x000000000205582a sp=0x00000000167ae698 mode 2
Event: 21.873 loading class com/android/dx/dex/file/ProtoIdItem
Event: 21.873 loading class com/android/dx/dex/file/ProtoIdItem done
Event: 21.887 Thread 0x0000000016363800 Uncommon trap: trap_request=0xffffffc6 fr.pc=0x000000000234d028
Event: 21.887 Thread 0x0000000016363800 DEOPT PACKING pc=0x000000000234d028 sp=0x00000000167ae7a0
Event: 21.887 Thread 0x0000000016363800 DEOPT UNPACKING pc=0x000000000205582a sp=0x00000000167ae720 mode 2
Event: 21.907 loading class com/android/dex/Leb128
Event: 21.907 loading class com/android/dex/Leb128 done
Event: 22.060 loading class java/util/Collections$1


Dynamic libraries:
0x00007ff682420000 - 0x00007ff682457000 	C:\Program Files\Java\jdk1.8.0_101\bin\java.exe
0x00007ffc94d60000 - 0x00007ffc94f0a000 	C:\Windows\SYSTEM32\ntdll.dll
0x00007ffc94c20000 - 0x00007ffc94d5a000 	C:\Windows\system32\KERNEL32.DLL
0x00007ffc921a0000 - 0x00007ffc922af000 	C:\Windows\system32\KERNELBASE.dll
0x00007ffc90ce0000 - 0x00007ffc90d68000 	C:\Windows\system32\apphelp.dll
0x00007ffc81ef0000 - 0x00007ffc81f3f000 	C:\Windows\AppPatch\AppPatch64\AcGenral.DLL
0x00007ffc92930000 - 0x00007ffc929d7000 	C:\Windows\system32\msvcrt.dll
0x00007ffc91f00000 - 0x00007ffc91f2b000 	C:\Windows\SYSTEM32\SspiCli.dll
0x00007ffc94690000 - 0x00007ffc946e1000 	C:\Windows\system32\SHLWAPI.dll
0x00007ffc94330000 - 0x00007ffc944a1000 	C:\Windows\system32\USER32.dll
0x00007ffc94830000 - 0x00007ffc949a8000 	C:\Windows\system32\ole32.dll
0x00007ffc92bb0000 - 0x00007ffc93fd0000 	C:\Windows\system32\SHELL32.dll
0x00007ffc916e0000 - 0x00007ffc916fe000 	C:\Windows\SYSTEM32\USERENV.dll
0x00007ffc94280000 - 0x00007ffc94325000 	C:\Windows\system32\ADVAPI32.dll
0x00007ffc89d90000 - 0x00007ffc89dab000 	C:\Windows\SYSTEM32\MPR.dll
0x00007ffc946f0000 - 0x00007ffc94826000 	C:\Windows\system32\RPCRT4.dll
0x00007ffc928d0000 - 0x00007ffc92927000 	C:\Windows\SYSTEM32\sechost.dll
0x00007ffc93fd0000 - 0x00007ffc941a6000 	C:\Windows\SYSTEM32\combase.dll
0x00007ffc925e0000 - 0x00007ffc92724000 	C:\Windows\system32\GDI32.dll
0x00007ffc920d0000 - 0x00007ffc920e4000 	C:\Windows\SYSTEM32\profapi.dll
0x00007ffc90c40000 - 0x00007ffc90cdf000 	C:\Windows\SYSTEM32\SHCORE.dll
0x00007ffc94210000 - 0x00007ffc94244000 	C:\Windows\system32\IMM32.DLL
0x00007ffc92790000 - 0x00007ffc928c9000 	C:\Windows\system32\MSCTF.dll
0x00007ffc8feb0000 - 0x00007ffc9010a000 	C:\Windows\WinSxS\amd64_microsoft.windows.common-controls_6595b64144ccf1df_6.0.9600.17031_none_6242a4b3ecbb55a1\COMCTL32.dll
0x0000000067c00000 - 0x0000000067cd2000 	C:\Program Files\Java\jdk1.8.0_101\jre\bin\msvcr100.dll
0x0000000065f40000 - 0x00000000667da000 	C:\Program Files\Java\jdk1.8.0_101\jre\bin\server\jvm.dll
0x00007ffc86530000 - 0x00007ffc86539000 	C:\Windows\SYSTEM32\WSOCK32.dll
0x00007ffc90110000 - 0x00007ffc9012f000 	C:\Windows\SYSTEM32\WINMM.dll
0x00007ffc90130000 - 0x00007ffc9013a000 	C:\Windows\SYSTEM32\VERSION.dll
0x00007ffc92b80000 - 0x00007ffc92b87000 	C:\Windows\system32\PSAPI.DLL
0x00007ffc94a70000 - 0x00007ffc94ac8000 	C:\Windows\system32\WS2_32.dll
0x00007ffc8fc50000 - 0x00007ffc8fc7a000 	C:\Windows\SYSTEM32\WINMMBASE.dll
0x00007ffc94270000 - 0x00007ffc94279000 	C:\Windows\system32\NSI.dll
0x00007ffc92540000 - 0x00007ffc9258a000 	C:\Windows\SYSTEM32\cfgmgr32.dll
0x00007ffc90f80000 - 0x00007ffc90fa6000 	C:\Windows\SYSTEM32\DEVOBJ.dll
0x0000000067bf0000 - 0x0000000067bff000 	C:\Program Files\Java\jdk1.8.0_101\jre\bin\verify.dll
0x0000000065f10000 - 0x0000000065f39000 	C:\Program Files\Java\jdk1.8.0_101\jre\bin\java.dll
0x0000000065ef0000 - 0x0000000065f06000 	C:\Program Files\Java\jdk1.8.0_101\jre\bin\zip.dll

VM Arguments:
jvm_args: -Djava.awt.headless=true -Xmx1024M -Dfile.encoding=windows-1252 -Duser.country=US -Duser.language=en -Duser.variant 
java_command: com.android.dx.command.Main --dex --force-jumbo --num-threads=4 --multi-dex --output C:\Users\ika\AndroidStudioProjects\Tugas\app\build\intermediates\transforms\dex\debug\folders\1000\10\com.android.support-support-vector-drawable-23.3.0_6e04f8e06fffaeef4ffc13ea21725f22c82f4462 C:\Users\ika\AndroidStudioProjects\Tugas\app\build\intermediates\exploded-aar\com.android.support\support-vector-drawable\23.3.0\jars\classes.jar
java_class_path (initial): C:\Users\ika\AppData\Local\Android\sdk\build-tools\23.0.3\lib\dx.jar
Launcher Type: SUN_STANDARD

Environment Variables:
PATH=C:\Program Files\Java\jdk1.8.0_101\bin;C:\Program Files\Intel\WiFi\bin\;C:\Program Files\Common Files\Intel\WirelessCommon\
USERNAME=ika
OS=Windows_NT
PROCESSOR_IDENTIFIER=Intel64 Family 6 Model 69 Stepping 1, GenuineIntel



---------------  S Y S T E M  ---------------

OS: Windows 8.1 , 64 bit Build 9600 (6.3.9600.17056)

CPU:total 4 (2 cores per cpu, 2 threads per core) family 6 model 69 stepping 1, cmov, cx8, fxsr, mmx, sse, sse2, sse3, ssse3, sse4.1, sse4.2, popcnt, avx, avx2, aes, clmul, erms, lzcnt, ht, tsc, tscinvbit, bmi1, bmi2

Memory: 4k page, physical 4074560k(44672k free), swap 7220288k(1712k free)

vm_info: Java HotSpot(TM) 64-Bit Server VM (25.101-b13) for windows-amd64 JRE (1.8.0_101-b13), built on Jun 22 2016 01:21:29 by "java_re" with MS VC++ 10.0 (VS2010)

time: Sat Sep 10 08:54:17 2016
elapsed time: 23 seconds (0d 0h 0m 23s)

