#
# There is insufficient memory for the Java Runtime Environment to continue.
# Native memory allocation (malloc) failed to allocate 1048576 bytes for AllocateHeap
# Possible reasons:
#   The system is out of physical RAM or swap space
#   In 32 bit mode, the process size limit was hit
# Possible solutions:
#   Reduce memory load on the system
#   Increase physical memory or swap space
#   Check if swap backing store is full
#   Use 64 bit Java on a 64 bit OS
#   Decrease Java heap size (-Xmx/-Xms)
#   Decrease number of Java threads
#   Decrease Java thread stack sizes (-Xss)
#   Set larger code cache with -XX:ReservedCodeCacheSize=
# This output file may be truncated or incomplete.
#
#  Out of Memory Error (memory/allocation.inline.hpp:61), pid=9888, tid=0x00000000000012cc
#
# JRE version:  (8.0_101-b13) (build )
# Java VM: Java HotSpot(TM) 64-Bit Server VM (25.101-b13 mixed mode windows-amd64 compressed oops)
# Failed to write core dump. Minidumps are not enabled by default on client versions of Windows
#

---------------  T H R E A D  ---------------

Current thread (0x0000000002450800):  JavaThread "Unknown thread" [_thread_in_vm, id=4812, stack(0x0000000002350000,0x0000000002450000)]

Stack: [0x0000000002350000,0x0000000002450000]
[error occurred during error reporting (printing stack bounds), id 0xc0000005]

Native frames: (J=compiled Java code, j=interpreted, Vv=VM code, C=native code)


---------------  P R O C E S S  ---------------

Java Threads: ( => current thread )

Other Threads:

=>0x0000000002450800 (exited) JavaThread "Unknown thread" [_thread_in_vm, id=4812, stack(0x0000000002350000,0x0000000002450000)]

VM state:not at safepoint (normal execution)

VM Mutex/Monitor currently owned by a thread: None

Heap:
 PSYoungGen      total 18944K, used 327K [0x00000000eab00000, 0x00000000ec000000, 0x0000000100000000)
  eden space 16384K, 2% used [0x00000000eab00000,0x00000000eab51ec8,0x00000000ebb00000)
  from space 2560K, 0% used [0x00000000ebd80000,0x00000000ebd80000,0x00000000ec000000)
  to   space 2560K, 0% used [0x00000000ebb00000,0x00000000ebb00000,0x00000000ebd80000)
 ParOldGen       total 44032K, used 0K [0x00000000c0000000, 0x00000000c2b00000, 0x00000000eab00000)
  object space 44032K, 0% used [0x00000000c0000000,0x00000000c0000000,0x00000000c2b00000)
 Metaspace       used 769K, capacity 4480K, committed 4480K, reserved 1056768K
  class space    used 75K, capacity 384K, committed 384K, reserved 1048576K

Card table byte_map: [0x0000000011910000,0x0000000011b20000] byte_map_base: 0x0000000011310000

Marking Bits: (ParMarkBitMap*) 0x000000006675a6d0
 Begin Bits: [0x0000000012080000, 0x0000000013080000)
 End Bits:   [0x0000000013080000, 0x0000000014080000)

Polling page: 0x00000000009d0000

CodeCache: size=245760Kb used=328Kb max_used=328Kb free=245431Kb
 bounds [0x0000000002550000, 0x00000000027c0000, 0x0000000011550000]
 total_blobs=58 nmethods=0 adapters=38
 compilation: enabled

Compilation events (0 events):
No events

GC Heap History (0 events):
No events

Deoptimization events (0 events):
No events

Internal exceptions (0 events):
No events

Events (10 events):
Event: 0.310 loading class java/lang/Short
Event: 0.310 loading class java/lang/Short done
Event: 0.310 loading class java/lang/Integer
Event: 0.311 loading class java/lang/Integer done
Event: 0.311 loading class java/lang/Long
Event: 0.311 loading class java/lang/Long done
Event: 0.315 loading class java/lang/NullPointerException
Event: 0.315 loading class java/lang/NullPointerException done
Event: 0.315 loading class java/lang/ArithmeticException
Event: 0.315 loading class java/lang/ArithmeticException done


Dynamic libraries:
0x00007ff682420000 - 0x00007ff682457000 	C:\Program Files\Java\jdk1.8.0_101\bin\java.exe
0x00007ffc94d60000 - 0x00007ffc94f0a000 	C:\Windows\SYSTEM32\ntdll.dll
0x00007ffc94c20000 - 0x00007ffc94d5a000 	C:\Windows\system32\KERNEL32.DLL
0x00007ffc921a0000 - 0x00007ffc922af000 	C:\Windows\system32\KERNELBASE.dll
0x00007ffc90ce0000 - 0x00007ffc90d68000 	C:\Windows\system32\apphelp.dll
0x00007ffc81ef0000 - 0x00007ffc81f3f000 	C:\Windows\AppPatch\AppPatch64\AcGenral.DLL
0x00007ffc92930000 - 0x00007ffc929d7000 	C:\Windows\system32\msvcrt.dll
0x00007ffc91f00000 - 0x00007ffc91f2b000 	C:\Windows\SYSTEM32\SspiCli.dll
0x00007ffc94690000 - 0x00007ffc946e1000 	C:\Windows\system32\SHLWAPI.dll
0x00007ffc94330000 - 0x00007ffc944a1000 	C:\Windows\system32\USER32.dll
0x00007ffc94830000 - 0x00007ffc949a8000 	C:\Windows\system32\ole32.dll
0x00007ffc92bb0000 - 0x00007ffc93fd0000 	C:\Windows\system32\SHELL32.dll
0x00007ffc916e0000 - 0x00007ffc916fe000 	C:\Windows\SYSTEM32\USERENV.dll
0x00007ffc94280000 - 0x00007ffc94325000 	C:\Windows\system32\ADVAPI32.dll
0x00007ffc89d90000 - 0x00007ffc89dab000 	C:\Windows\SYSTEM32\MPR.dll
0x00007ffc946f0000 - 0x00007ffc94826000 	C:\Windows\system32\RPCRT4.dll
0x00007ffc928d0000 - 0x00007ffc92927000 	C:\Windows\SYSTEM32\sechost.dll
0x00007ffc93fd0000 - 0x00007ffc941a6000 	C:\Windows\SYSTEM32\combase.dll
0x00007ffc925e0000 - 0x00007ffc92724000 	C:\Windows\system32\GDI32.dll
0x00007ffc920d0000 - 0x00007ffc920e4000 	C:\Windows\SYSTEM32\profapi.dll
0x00007ffc90c40000 - 0x00007ffc90cdf000 	C:\Windows\SYSTEM32\SHCORE.dll
0x00007ffc94210000 - 0x00007ffc94244000 	C:\Windows\system32\IMM32.DLL
0x00007ffc92790000 - 0x00007ffc928c9000 	C:\Windows\system32\MSCTF.dll
0x00007ffc8feb0000 - 0x00007ffc9010a000 	C:\Windows\WinSxS\amd64_microsoft.windows.common-controls_6595b64144ccf1df_6.0.9600.17031_none_6242a4b3ecbb55a1\COMCTL32.dll
0x0000000067c00000 - 0x0000000067cd2000 	C:\Program Files\Java\jdk1.8.0_101\jre\bin\msvcr100.dll
0x0000000065f40000 - 0x00000000667da000 	C:\Program Files\Java\jdk1.8.0_101\jre\bin\server\jvm.dll
0x00007ffc86530000 - 0x00007ffc86539000 	C:\Windows\SYSTEM32\WSOCK32.dll
0x00007ffc90110000 - 0x00007ffc9012f000 	C:\Windows\SYSTEM32\WINMM.dll
0x00007ffc90130000 - 0x00007ffc9013a000 	C:\Windows\SYSTEM32\VERSION.dll
0x00007ffc92b80000 - 0x00007ffc92b87000 	C:\Windows\system32\PSAPI.DLL
0x00007ffc94a70000 - 0x00007ffc94ac8000 	C:\Windows\system32\WS2_32.dll
0x00007ffc8fc50000 - 0x00007ffc8fc7a000 	C:\Windows\SYSTEM32\WINMMBASE.dll
0x00007ffc94270000 - 0x00007ffc94279000 	C:\Windows\system32\NSI.dll
0x00007ffc92540000 - 0x00007ffc9258a000 	C:\Windows\SYSTEM32\cfgmgr32.dll
0x00007ffc90f80000 - 0x00007ffc90fa6000 	C:\Windows\SYSTEM32\DEVOBJ.dll
0x0000000067bf0000 - 0x0000000067bff000 	C:\Program Files\Java\jdk1.8.0_101\jre\bin\verify.dll
0x0000000065f10000 - 0x0000000065f39000 	C:\Program Files\Java\jdk1.8.0_101\jre\bin\java.dll
0x0000000065ef0000 - 0x0000000065f06000 	C:\Program Files\Java\jdk1.8.0_101\jre\bin\zip.dll

VM Arguments:
jvm_args: -Djava.awt.headless=true -Xmx1024M -Dfile.encoding=windows-1252 -Duser.country=US -Duser.language=en -Duser.variant 
java_command: com.android.dx.command.Main --dex --force-jumbo --num-threads=4 --multi-dex --output C:\Users\ika\AndroidStudioProjects\Tugas\app\build\intermediates\transforms\dex\debug\folders\1000\10\internal_impl-23.3.0_68ff3da2aa746fdcdfbb6155bee4476127c358fb C:\Users\ika\AndroidStudioProjects\Tugas\app\build\intermediates\exploded-aar\com.android.support\support-v4\23.3.0\jars\libs\internal_impl-23.3.0.jar
java_class_path (initial): C:\Users\ika\AppData\Local\Android\sdk\build-tools\23.0.3\lib\dx.jar
Launcher Type: SUN_STANDARD

Environment Variables:
PATH=C:\Program Files\Java\jdk1.8.0_101\bin;C:\Program Files\Intel\WiFi\bin\;C:\Program Files\Common Files\Intel\WirelessCommon\
USERNAME=ika
OS=Windows_NT
PROCESSOR_IDENTIFIER=Intel64 Family 6 Model 69 Stepping 1, GenuineIntel



---------------  S Y S T E M  ---------------

OS: Windows 8.1 , 64 bit Build 9600 (6.3.9600.17056)

CPU:total 4 (2 cores per cpu, 2 threads per core) family 6 model 69 stepping 1, cmov, cx8, fxsr, mmx, sse, sse2, sse3, ssse3, sse4.1, sse4.2, popcnt, avx, avx2, aes, clmul, erms, lzcnt, ht, tsc, tscinvbit, bmi1, bmi2

Memory: 4k page, physical 4074560k(221696k free), swap 7027772k(1176k free)

vm_info: Java HotSpot(TM) 64-Bit Server VM (25.101-b13) for windows-amd64 JRE (1.8.0_101-b13), built on Jun 22 2016 01:21:29 by "java_re" with MS VC++ 10.0 (VS2010)

time: Sat Sep 10 07:34:44 2016
elapsed time: 3 seconds (0d 0h 0m 3s)

